<?xml version='1.0' encoding='UTF-8'?>
<result plugin="junit@1.24">
  <suites>
    <suite>
      <file>/var/jenkins_home/workspace/cicd/target/surefire-reports/TEST-test.OtherTest.xml</file>
      <name>test.OtherTest</name>
      <duration>0.0</duration>
      <time>0</time>
      <nodeId>19</nodeId>
      <enclosingBlocks>
        <string>18</string>
      </enclosingBlocks>
      <enclosingBlockNames>
        <string>Results</string>
      </enclosingBlockNames>
      <cases>
        <case>
          <duration>0.0</duration>
          <className>test.OtherTest</className>
          <testName>mytest</testName>
          <skipped>false</skipped>
          <failedSince>0</failedSince>
        </case>
      </cases>
    </suite>
    <suite>
      <file>/var/jenkins_home/workspace/cicd/target/surefire-reports/TEST-test.SomeTest.xml</file>
      <name>test.SomeTest</name>
      <duration>0.006</duration>
      <time>0.006</time>
      <nodeId>19</nodeId>
      <enclosingBlocks>
        <string>18</string>
      </enclosingBlocks>
      <enclosingBlockNames>
        <string>Results</string>
      </enclosingBlockNames>
      <cases>
        <case>
          <duration>0.0</duration>
          <className>test.SomeTest</className>
          <testName>test1</testName>
          <skipped>false</skipped>
          <failedSince>0</failedSince>
        </case>
        <case>
          <duration>0.0</duration>
          <className>test.SomeTest</className>
          <testName>test2</testName>
          <skipped>false</skipped>
          <failedSince>0</failedSince>
        </case>
        <case>
          <duration>0.0</duration>
          <className>test.SomeTest</className>
          <testName>test3</testName>
          <skipped>false</skipped>
          <failedSince>0</failedSince>
        </case>
        <case>
          <duration>0.0</duration>
          <className>test.SomeTest</className>
          <testName>test4</testName>
          <skipped>false</skipped>
          <failedSince>0</failedSince>
        </case>
        <case>
          <duration>0.0</duration>
          <className>test.SomeTest</className>
          <testName>test5</testName>
          <skipped>false</skipped>
          <failedSince>0</failedSince>
        </case>
        <case>
          <duration>0.006</duration>
          <className>test.SomeTest</className>
          <testName>test6</testName>
          <skipped>false</skipped>
          <errorStackTrace>java.lang.AssertionError: oops
	at org.junit.Assert.fail(Assert.java:88)
	at test.Base.run(Base.java:35)
	at test.SomeTest.test6(SomeTest.java:52)
</errorStackTrace>
          <errorDetails>oops</errorDetails>
          <failedSince>0</failedSince>
        </case>
      </cases>
    </suite>
  </suites>
  <duration>0.006</duration>
  <keepLongStdio>false</keepLongStdio>
</result>